2019-02-01 00:08:07,312 - instagram_scraper.app - WARNING - No Content-Length in response, the file 50226272_139956170350219_8655279462565901803_n.jpg may be partially downloaded
2019-02-01 00:08:07,499 - instagram_scraper.app - WARNING - No Content-Length in response, the file 50527503_2242574419319163_8830084757365111128_n.jpg may be partially downloaded
2019-02-01 00:08:07,513 - instagram_scraper.app - WARNING - No Content-Length in response, the file 47585182_295453317776819_1551748108651074541_n.jpg may be partially downloaded
2019-02-01 00:08:07,527 - instagram_scraper.app - WARNING - No Content-Length in response, the file 47693473_281163765903895_3892818829960764896_n.jpg may be partially downloaded
2019-02-01 00:08:07,824 - instagram_scraper.app - WARNING - No Content-Length in response, the file 46850157_312834152682513_3398329140928347515_n.jpg may be partially downloaded
2019-02-01 00:08:08,142 - instagram_scraper.app - WARNING - Continue after exception ChunkedEncodingError(ProtocolError('Connection broken: OSError("(104, \'ECONNRESET\')",)', OSError("(104, 'ECONNRESET')",)),) on https://instagram.fmuc2-1.fna.fbcdn.net/vp/a18858d893825dac3e13c1a00c609621/5CFBE084/t51.2885-15/e35/46850157_312834152682513_3398329140928347515_n.jpg?_nc_ht=instagram.fmuc2-1.fna.fbcdn.net&se=7&ig_cache_key=MTk0NzI1Nzg1NTY1MDA1OTE5Mw%3D%3D.2
2019-02-01 00:08:08,152 - instagram_scraper.app - WARNING - No Content-Length in response, the file 46518322_101724880858686_3933401589616612389_n.jpg may be partially downloaded
2019-02-01 00:08:08,159 - instagram_scraper.app - WARNING - No Content-Length in response, the file 47691898_360200188116006_1486037084573983039_n.jpg may be partially downloaded
2019-02-01 00:08:08,280 - instagram_scraper.app - WARNING - No Content-Length in response, the file 46595216_211734266380896_1282215429196510024_n.jpg may be partially downloaded
2019-02-01 00:08:08,437 - instagram_scraper.app - WARNING - No Content-Length in response, the file 46850157_312834152682513_3398329140928347515_n.jpg may be partially downloaded
2019-02-01 00:08:08,741 - instagram_scraper.app - WARNING - No Content-Length in response, the file 46951025_362992424462855_7989515072837404724_n.jpg may be partially downloaded
2019-02-01 00:08:08,783 - instagram_scraper.app - WARNING - No Content-Length in response, the file 44812881_273872856819666_6734193316559902208_n.jpg may be partially downloaded
2019-02-01 00:08:08,807 - instagram_scraper.app - WARNING - No Content-Length in response, the file 47227334_315413245967744_993666204052145377_n.jpg may be partially downloaded
2019-02-01 00:08:09,017 - instagram_scraper.app - WARNING - No Content-Length in response, the file 45263383_2156048684713239_6125417741722060903_n.jpg may be partially downloaded
2019-02-01 00:08:09,295 - instagram_scraper.app - WARNING - No Content-Length in response, the file 43184899_1907813055922068_3818094746906228103_n.jpg may be partially downloaded
2019-02-01 00:08:09,545 - instagram_scraper.app - WARNING - No Content-Length in response, the file 42973868_2108814765816872_2369486770829679437_n.jpg may be partially downloaded
2019-02-01 00:08:09,719 - instagram_scraper.app - WARNING - No Content-Length in response, the file 44900801_2129679487044299_8086001576088719993_n.jpg may be partially downloaded
2019-02-01 00:08:09,973 - instagram_scraper.app - WARNING - No Content-Length in response, the file 43476607_286360068753573_5270454243505186175_n.jpg may be partially downloaded
2019-02-01 00:08:10,044 - instagram_scraper.app - WARNING - No Content-Length in response, the file 43654664_299051230709272_2226950667666283064_n.jpg may be partially downloaded
2019-02-01 00:08:10,090 - instagram_scraper.app - WARNING - No Content-Length in response, the file 43385936_1115546375269714_5350088255960457959_n.jpg may be partially downloaded
2019-02-01 00:08:10,103 - instagram_scraper.app - WARNING - No Content-Length in response, the file 42387483_429837590876942_7042417425096266647_n.jpg may be partially downloaded
2019-02-01 00:08:10,750 - instagram_scraper.app - WARNING - No Content-Length in response, the file 41777775_532318397213282_4743308444522845126_n.jpg may be partially downloaded
2019-02-01 00:08:10,753 - instagram_scraper.app - WARNING - No Content-Length in response, the file 41364504_325782794847863_144974584413659306_n.jpg may be partially downloaded
2019-02-01 00:08:10,790 - instagram_scraper.app - WARNING - No Content-Length in response, the file 40622615_326634864569341_9112585235577277776_n.jpg may be partially downloaded
2019-02-01 00:08:11,261 - instagram_scraper.app - WARNING - Continue after exception ChunkedEncodingError(ProtocolError('Connection broken: OSError("(104, \'ECONNRESET\')",)', OSError("(104, 'ECONNRESET')",)),) on https://instagram.fmuc2-1.fna.fbcdn.net/vp/ae0c9ef357087902a03ed6613018858e/5CE90DDE/t51.2885-15/e35/40622615_326634864569341_9112585235577277776_n.jpg?_nc_ht=instagram.fmuc2-1.fna.fbcdn.net&se=7&ig_cache_key=MTg3MDY5OTAwODk4OTg0MzkzNA%3D%3D.2
2019-02-01 00:08:11,490 - instagram_scraper.app - WARNING - No Content-Length in response, the file 40741029_496499004150698_7860825242167171666_n.jpg may be partially downloaded
2019-02-01 00:08:11,523 - instagram_scraper.app - WARNING - No Content-Length in response, the file 40622615_326634864569341_9112585235577277776_n.jpg may be partially downloaded
2019-02-01 00:08:12,251 - instagram_scraper.app - WARNING - No Content-Length in response, the file 40073189_467154190437123_2161935692151213194_n.jpg may be partially downloaded
2019-02-01 00:08:12,331 - instagram_scraper.app - WARNING - No Content-Length in response, the file 40019238_863183514070919_1893285909801992192_n.jpg may be partially downloaded
2019-02-01 00:08:12,709 - instagram_scraper.app - WARNING - No Content-Length in response, the file 39517651_431826527346753_6257200732416507904_n.jpg may be partially downloaded
2019-02-01 00:08:12,990 - instagram_scraper.app - WARNING - No Content-Length in response, the file 38882113_317246348833958_3073421942103998464_n.jpg may be partially downloaded
2019-02-01 00:08:13,195 - instagram_scraper.app - WARNING - No Content-Length in response, the file 40097716_236057990409148_3493535966474175013_n.jpg may be partially downloaded
2019-02-01 00:08:16,960 - instagram_scraper.app - WARNING - No Content-Length in response, the file 40065585_243425593042311_4481703003627192320_n.jpg may be partially downloaded
2019-02-01 00:08:17,175 - instagram_scraper.app - WARNING - No Content-Length in response, the file 39327543_256640341627124_1550613597653041152_n.jpg may be partially downloaded
2019-02-01 00:08:18,836 - instagram_scraper.app - WARNING - No Content-Length in response, the file 39105739_460383164475275_6232622228014366720_n.jpg may be partially downloaded
2019-02-01 00:08:19,422 - instagram_scraper.app - WARNING - No Content-Length in response, the file 38776803_300591013827611_7241693943459479552_n.jpg may be partially downloaded
2019-02-01 00:08:19,868 - instagram_scraper.app - WARNING - No Content-Length in response, the file 37746447_294364891331300_4052588212583923712_n.jpg may be partially downloaded
2019-02-01 00:08:20,649 - instagram_scraper.app - WARNING - No Content-Length in response, the file 40395081_336529710422056_3147775297831771035_n.jpg may be partially downloaded
2019-02-01 00:08:24,056 - instagram_scraper.app - WARNING - No Content-Length in response, the file 37648590_221885778660448_41417490621792256_n.jpg may be partially downloaded
2019-02-01 00:08:25,098 - instagram_scraper.app - WARNING - No Content-Length in response, the file 37750105_2053479294702565_5147828448139411456_n.jpg may be partially downloaded
2019-02-01 00:08:25,903 - instagram_scraper.app - WARNING - No Content-Length in response, the file 36861080_1804724962937070_1921310236400943104_n.jpg may be partially downloaded
2019-02-01 00:08:26,396 - instagram_scraper.app - WARNING - No Content-Length in response, the file 36912514_309725349766177_3048575607836246016_n.jpg may be partially downloaded
2019-02-01 00:08:26,633 - instagram_scraper.app - WARNING - No Content-Length in response, the file 36641118_1717321341715949_6023127514455474176_n.jpg may be partially downloaded
2019-02-01 00:08:27,211 - instagram_scraper.app - WARNING - No Content-Length in response, the file 36680420_1860047020713183_5562733666301378560_n.jpg may be partially downloaded
2019-02-01 00:08:27,782 - instagram_scraper.app - WARNING - No Content-Length in response, the file 36468785_413217339190342_6875867398193283072_n.jpg may be partially downloaded
2019-02-01 00:08:28,688 - instagram_scraper.app - WARNING - No Content-Length in response, the file 34922476_189457831722195_6382137448406712320_n.jpg may be partially downloaded
2019-02-01 00:08:31,322 - instagram_scraper.app - WARNING - No Content-Length in response, the file 36845292_298282010911619_1721337753100091392_n.jpg may be partially downloaded
2019-02-01 00:08:31,385 - instagram_scraper.app - WARNING - No Content-Length in response, the file 50494195_2198330000429227_7922966072169931375_n.jpg may be partially downloaded
2019-02-01 00:08:31,513 - instagram_scraper.app - WARNING - No Content-Length in response, the file 36122872_247554192720704_6958288198560645120_n.jpg may be partially downloaded
2019-02-01 00:08:32,041 - instagram_scraper.app - WARNING - No Content-Length in response, the file 49302086_282851692397877_5258685179755207184_n.jpg may be partially downloaded
2019-02-01 00:08:32,583 - instagram_scraper.app - WARNING - No Content-Length in response, the file 49319647_808497966160992_1546155878867402608_n.jpg may be partially downloaded
2019-02-01 00:08:33,140 - instagram_scraper.app - WARNING - No Content-Length in response, the file 49998215_547451605754175_1704363133190465423_n.jpg may be partially downloaded
2019-02-01 00:08:33,637 - instagram_scraper.app - WARNING - No Content-Length in response, the file 49674408_3013147168710950_4773793381072229894_n.jpg may be partially downloaded
2019-02-01 00:08:33,775 - instagram_scraper.app - WARNING - No Content-Length in response, the file 36946070_2133031900315363_36774557960372224_n.jpg may be partially downloaded
2019-02-01 00:08:34,244 - instagram_scraper.app - WARNING - No Content-Length in response, the file 49686698_167944500834648_427797581757127010_n.jpg may be partially downloaded
2019-02-01 00:08:34,294 - instagram_scraper.app - WARNING - No Content-Length in response, the file 36160202_483326882111912_7949621565929291776_n.jpg may be partially downloaded
2019-02-01 00:08:35,188 - instagram_scraper.app - WARNING - No Content-Length in response, the file 36135723_191824828130115_3780262770344198144_n.jpg may be partially downloaded
2019-02-01 00:08:35,301 - instagram_scraper.app - WARNING - No Content-Length in response, the file 35985956_231502780783000_5076534056905080832_n.jpg may be partially downloaded
2019-02-01 00:08:35,692 - instagram_scraper.app - WARNING - No Content-Length in response, the file 34982426_1968104623200358_8925641536641695744_n.jpg may be partially downloaded
2019-02-01 00:08:35,972 - instagram_scraper.app - WARNING - No Content-Length in response, the file 34655043_235820853870896_3839327718944538624_n.jpg may be partially downloaded
2019-02-01 00:08:36,113 - instagram_scraper.app - WARNING - No Content-Length in response, the file 34983123_243724336389650_4172390866402410496_n.jpg may be partially downloaded
2019-02-01 00:08:36,256 - instagram_scraper.app - WARNING - No Content-Length in response, the file 36798424_201795477169418_5262323634776571904_n.jpg may be partially downloaded
2019-02-01 00:08:36,973 - instagram_scraper.app - WARNING - No Content-Length in response, the file 33992687_1615772571855098_3055343290883768320_n.jpg may be partially downloaded
2019-02-01 00:08:37,185 - instagram_scraper.app - WARNING - No Content-Length in response, the file 33567712_1876044562686780_6216970465244610560_n.jpg may be partially downloaded
2019-02-01 00:08:37,945 - instagram_scraper.app - WARNING - No Content-Length in response, the file 33124073_2019899701428183_8057006803575111680_n.jpg may be partially downloaded
2019-02-01 00:08:38,233 - instagram_scraper.app - WARNING - No Content-Length in response, the file 33473463_454885594966464_4616823817220653056_n.jpg may be partially downloaded
2019-02-01 00:08:38,442 - instagram_scraper.app - WARNING - No Content-Length in response, the file 37039557_263708580891118_480016381203447808_n.jpg may be partially downloaded
2019-02-01 00:08:38,497 - instagram_scraper.app - WARNING - No Content-Length in response, the file 32503890_128579048013806_3092385781788966912_n.jpg may be partially downloaded
2019-02-01 00:08:39,123 - instagram_scraper.app - WARNING - No Content-Length in response, the file 32025753_2268468616511830_4289730566930038784_n.jpg may be partially downloaded
2019-02-01 00:08:39,449 - instagram_scraper.app - WARNING - No Content-Length in response, the file 36149399_1923759034589712_4742809256850358272_n.jpg may be partially downloaded
2019-02-01 00:08:39,658 - instagram_scraper.app - WARNING - No Content-Length in response, the file 32035648_571652619887148_5742060847400747008_n.jpg may be partially downloaded
2019-02-01 00:08:40,235 - instagram_scraper.app - WARNING - No Content-Length in response, the file 31270333_801282320082318_1341489063030423552_n.jpg may be partially downloaded
2019-02-01 00:08:40,344 - instagram_scraper.app - WARNING - No Content-Length in response, the file 36885624_1590456817743445_6096447700029407232_n.jpg may be partially downloaded
2019-02-01 00:08:40,861 - instagram_scraper.app - WARNING - No Content-Length in response, the file 30904517_361501661008879_5620514466924855296_n.jpg may be partially downloaded
2019-02-01 00:08:41,266 - instagram_scraper.app - WARNING - No Content-Length in response, the file 32443660_1793821344258922_9208699685542297600_n.jpg may be partially downloaded
2019-02-01 00:08:41,548 - instagram_scraper.app - WARNING - No Content-Length in response, the file 31117236_170666346978208_387673510597623808_n.jpg may be partially downloaded
2019-02-01 00:08:42,314 - instagram_scraper.app - WARNING - No Content-Length in response, the file 30867900_179340299548178_7159142077870112768_n.jpg may be partially downloaded
2019-02-01 00:08:42,914 - instagram_scraper.app - WARNING - No Content-Length in response, the file 30890581_1896841780380592_2738847820856426496_n.jpg may be partially downloaded
2019-02-01 00:08:43,553 - instagram_scraper.app - WARNING - No Content-Length in response, the file 30086291_220251598734637_3260908465849106432_n.jpg may be partially downloaded
2019-02-01 00:08:44,107 - instagram_scraper.app - WARNING - No Content-Length in response, the file 30591809_190824835049221_1650222238663704576_n.jpg may be partially downloaded
2019-02-01 00:08:44,173 - instagram_scraper.app - WARNING - No Content-Length in response, the file 29718186_1764007963658048_683626959502049280_n.jpg may be partially downloaded
2019-02-01 00:08:44,903 - instagram_scraper.app - WARNING - No Content-Length in response, the file 29739380_227987067945766_2696764099202646016_n.jpg may be partially downloaded
2019-02-01 00:08:44,960 - instagram_scraper.app - WARNING - No Content-Length in response, the file 29716537_166054917432143_5185761285765070848_n.jpg may be partially downloaded
2019-02-01 00:08:45,784 - instagram_scraper.app - WARNING - No Content-Length in response, the file 29092749_2021816131392290_4090208200496775168_n.jpg may be partially downloaded
2019-02-01 00:08:46,217 - instagram_scraper.app - WARNING - No Content-Length in response, the file 28764714_1913303455646929_6327653391665201152_n.jpg may be partially downloaded
2019-02-01 00:08:46,584 - instagram_scraper.app - WARNING - No Content-Length in response, the file 29089009_2043107796014154_6173805962315431936_n.jpg may be partially downloaded
2019-02-01 00:08:47,125 - instagram_scraper.app - WARNING - No Content-Length in response, the file 28436391_563268417380193_1750664103329792000_n.jpg may be partially downloaded
2019-02-01 00:08:47,159 - instagram_scraper.app - WARNING - No Content-Length in response, the file 36149554_203811056984610_1083852417532952576_n.jpg may be partially downloaded
2019-02-01 00:08:47,998 - instagram_scraper.app - WARNING - No Content-Length in response, the file 28766415_160123118135727_991095284446527488_n.jpg may be partially downloaded
2019-02-01 00:08:48,743 - instagram_scraper.app - WARNING - No Content-Length in response, the file 28754520_446489589122652_6022348020840923136_n.jpg may be partially downloaded
2019-02-01 00:08:48,934 - instagram_scraper.app - WARNING - No Content-Length in response, the file 28159047_202896350480336_5719714806869524480_n.jpg may be partially downloaded
2019-02-01 00:08:49,412 - instagram_scraper.app - WARNING - No Content-Length in response, the file 28752582_224101451485029_4449069257996632064_n.jpg may be partially downloaded
2019-02-01 00:08:50,636 - instagram_scraper.app - WARNING - No Content-Length in response, the file 28766158_166831937370481_3237491518172299264_n.jpg may be partially downloaded
2019-02-01 00:08:51,367 - instagram_scraper.app - WARNING - No Content-Length in response, the file 28433633_563246187388938_670520656344907776_n.jpg may be partially downloaded
2019-02-01 00:08:51,460 - instagram_scraper.app - WARNING - No Content-Length in response, the file 28432917_150745345596878_7987300150080962560_n.jpg may be partially downloaded
2019-02-01 00:08:51,650 - instagram_scraper.app - WARNING - No Content-Length in response, the file 28157574_332477310594488_5880442842546962432_n.jpg may be partially downloaded
2019-02-01 00:08:52,352 - instagram_scraper.app - WARNING - No Content-Length in response, the file 28153585_597455317257415_3655262609097097216_n.jpg may be partially downloaded
2019-02-01 00:08:53,315 - instagram_scraper.app - WARNING - No Content-Length in response, the file 28435989_1679733615399461_483990514442436608_n.jpg may be partially downloaded
2019-02-01 00:08:53,485 - instagram_scraper.app - WARNING - No Content-Length in response, the file 27880481_377541546042558_5759806320827957248_n.jpg may be partially downloaded
2019-02-01 00:08:53,785 - instagram_scraper.app - WARNING - No Content-Length in response, the file 27891484_321967238297496_7722195243650514944_n.jpg may be partially downloaded
2019-02-01 00:08:54,173 - instagram_scraper.app - WARNING - No Content-Length in response, the file 27576669_363480444057644_7053374243303587840_n.jpg may be partially downloaded
2019-02-01 00:08:54,277 - instagram_scraper.app - WARNING - No Content-Length in response, the file 27881107_539394833105224_8642828209466900480_n.jpg may be partially downloaded
2019-02-01 00:08:54,373 - instagram_scraper.app - WARNING - No Content-Length in response, the file 27581882_184481345641364_3634236180087701504_n.jpg may be partially downloaded
2019-02-01 00:08:54,395 - instagram_scraper.app - WARNING - No Content-Length in response, the file 41741233_246343632742949_6947820665727330045_n.jpg may be partially downloaded
2019-02-01 00:08:54,709 - instagram_scraper.app - WARNING - No Content-Length in response, the file 27576271_143090783027029_7578639621093851136_n.jpg may be partially downloaded
2019-02-01 00:08:54,979 - instagram_scraper.app - WARNING - No Content-Length in response, the file 28432749_174024793239489_7092702842221232128_n.jpg may be partially downloaded
2019-02-01 00:08:55,176 - instagram_scraper.app - WARNING - No Content-Length in response, the file 26869729_213548252540108_329738267245150208_n.jpg may be partially downloaded
2019-02-01 00:08:55,342 - instagram_scraper.app - WARNING - No Content-Length in response, the file 43209317_329114081189776_2065768247812011627_n.jpg may be partially downloaded
2019-02-01 00:08:55,512 - instagram_scraper.app - WARNING - No Content-Length in response, the file 26403679_328051474376263_8626133018752319488_n.jpg may be partially downloaded
2019-02-01 00:08:55,727 - instagram_scraper.app - WARNING - No Content-Length in response, the file 27890713_761051300766026_132389665364770816_n.jpg may be partially downloaded
2019-02-01 00:08:56,002 - instagram_scraper.app - WARNING - No Content-Length in response, the file 26065520_2155681557992778_1101399772708732928_n.jpg may be partially downloaded
2019-02-01 00:08:56,299 - instagram_scraper.app - WARNING - No Content-Length in response, the file 26154746_1598588373550291_6862737760478822400_n.jpg may be partially downloaded
2019-02-01 00:08:56,314 - instagram_scraper.app - WARNING - No Content-Length in response, the file 26180374_183740295553481_5900643065877495808_n.jpg may be partially downloaded
2019-02-01 00:08:56,921 - instagram_scraper.app - WARNING - No Content-Length in response, the file 26283325_1624703720930561_6740718770391613440_n.jpg may be partially downloaded
2019-02-01 00:08:57,063 - instagram_scraper.app - WARNING - No Content-Length in response, the file 27573514_191814358255756_1498990745044910080_n.jpg may be partially downloaded
2019-02-01 00:08:57,534 - instagram_scraper.app - WARNING - No Content-Length in response, the file 26227513_1036039146536428_590927451991834624_n.jpg may be partially downloaded
2019-02-01 00:08:57,705 - instagram_scraper.app - WARNING - No Content-Length in response, the file 26274801_895786593915215_956397300224098304_n.jpg may be partially downloaded
2019-02-01 00:08:58,191 - instagram_scraper.app - WARNING - No Content-Length in response, the file 27581927_2022361574707958_7229018962393038848_n.jpg may be partially downloaded
2019-02-01 00:08:58,318 - instagram_scraper.app - WARNING - No Content-Length in response, the file 26151494_1805713836128356_2739567846353797120_n.jpg may be partially downloaded
2019-02-01 00:08:59,121 - instagram_scraper.app - WARNING - No Content-Length in response, the file 26187524_284660968727461_1050459566497595392_n.jpg may be partially downloaded
2019-02-01 00:08:59,201 - instagram_scraper.app - WARNING - No Content-Length in response, the file 27575788_433202253781221_5508700800169279488_n.jpg may be partially downloaded
2019-02-01 00:08:59,274 - instagram_scraper.app - WARNING - No Content-Length in response, the file 26392293_1767120856930134_2124527709227843584_n.jpg may be partially downloaded
2019-02-01 00:09:00,049 - instagram_scraper.app - WARNING - No Content-Length in response, the file 26306771_2008256159462658_6827911657381953536_n.jpg may be partially downloaded
2019-02-01 00:09:00,315 - instagram_scraper.app - WARNING - No Content-Length in response, the file 25035824_167007093910632_101172159430262784_n.jpg may be partially downloaded
2019-02-01 00:09:00,550 - instagram_scraper.app - WARNING - No Content-Length in response, the file 28754505_972854509546620_4436092555477647360_n.jpg may be partially downloaded
2019-02-01 00:09:00,991 - instagram_scraper.app - WARNING - No Content-Length in response, the file 26151927_147294192722630_3020392298727866368_n.jpg may be partially downloaded
2019-02-01 00:09:01,223 - instagram_scraper.app - WARNING - No Content-Length in response, the file 26073672_1561153323999810_8969080917477818368_n.jpg may be partially downloaded
2019-02-01 00:09:01,680 - instagram_scraper.app - WARNING - No Content-Length in response, the file 25037292_522232244810230_5087253651030802432_n.jpg may be partially downloaded
2019-02-01 00:09:01,810 - instagram_scraper.app - WARNING - No Content-Length in response, the file 26187525_183494992394341_5919623174898581504_n.jpg may be partially downloaded
2019-02-01 00:09:01,932 - instagram_scraper.app - WARNING - No Content-Length in response, the file 25018863_325588564515367_6385672008922824704_n.jpg may be partially downloaded
2019-02-01 00:09:02,253 - instagram_scraper.app - WARNING - No Content-Length in response, the file 26869218_1986205258309048_4887596611603005440_n.jpg may be partially downloaded
2019-02-01 00:09:02,256 - instagram_scraper.app - WARNING - No Content-Length in response, the file 28435777_160494594652891_2764635762279317504_n.jpg may be partially downloaded
2019-02-01 00:09:02,499 - instagram_scraper.app - WARNING - No Content-Length in response, the file 25010664_376641412805746_8712437234059444224_n.jpg may be partially downloaded
2019-02-01 00:09:03,028 - instagram_scraper.app - WARNING - No Content-Length in response, the file 24838803_175305296399050_4068514037216837632_n.jpg may be partially downloaded
2019-02-01 00:09:03,077 - instagram_scraper.app - WARNING - No Content-Length in response, the file 24332359_723962377795337_6204802049800929280_n.jpg may be partially downloaded
2019-02-01 00:09:03,199 - instagram_scraper.app - WARNING - No Content-Length in response, the file 25007660_550852768595521_2939847359686770688_n.jpg may be partially downloaded
2019-02-01 00:09:03,738 - instagram_scraper.app - WARNING - No Content-Length in response, the file 24327405_264831020709923_7783560138647928832_n.jpg may be partially downloaded
2019-02-01 00:09:03,767 - instagram_scraper.app - WARNING - No Content-Length in response, the file 26282647_1940757519576978_8452181457375330304_n.jpg may be partially downloaded
2019-02-01 00:09:03,778 - instagram_scraper.app - WARNING - No Content-Length in response, the file 24177699_2144287949132157_9135098192495378432_n.jpg may be partially downloaded
2019-02-01 00:09:03,806 - instagram_scraper.app - WARNING - No Content-Length in response, the file 24327382_311269832722256_6798101595050475520_n.jpg may be partially downloaded
2019-02-01 00:09:04,547 - instagram_scraper.app - WARNING - No Content-Length in response, the file 24124907_254769191719616_3695698592317571072_n.jpg may be partially downloaded
2019-02-01 00:09:04,618 - instagram_scraper.app - WARNING - No Content-Length in response, the file 24125282_190832498148061_1355457576577269760_n.jpg may be partially downloaded
2019-02-01 00:09:05,394 - instagram_scraper.app - WARNING - No Content-Length in response, the file 23825241_1116525138483837_6574437715662602240_n.jpg may be partially downloaded
2019-02-01 00:09:05,474 - instagram_scraper.app - WARNING - No Content-Length in response, the file 24838259_1393690284089768_1875111824408444928_n.jpg may be partially downloaded
2019-02-01 00:09:05,616 - instagram_scraper.app - WARNING - No Content-Length in response, the file 24126509_148928825733935_5207685393004101632_n.jpg may be partially downloaded
2019-02-01 00:09:05,654 - instagram_scraper.app - WARNING - No Content-Length in response, the file 23824505_748557808664117_1623906793652486144_n.jpg may be partially downloaded
2019-02-01 00:09:05,962 - instagram_scraper.app - WARNING - No Content-Length in response, the file 26222783_305174116671851_5968284862304485376_n.jpg may be partially downloaded
2019-02-01 00:09:06,439 - instagram_scraper.app - WARNING - No Content-Length in response, the file 23825010_144997562807752_3027479402788159488_n.jpg may be partially downloaded
2019-02-01 00:09:07,312 - instagram_scraper.app - WARNING - No Content-Length in response, the file 23735396_1115751668528245_6630998466401140736_n.jpg may be partially downloaded
2019-02-01 00:09:07,346 - instagram_scraper.app - WARNING - Continue after exception ChunkedEncodingError(ProtocolError('Connection broken: OSError("(104, \'ECONNRESET\')",)', OSError("(104, 'ECONNRESET')",)),) on https://instagram.fmuc2-1.fna.fbcdn.net/vp/157a328904829ea95d2b278d865f7921/5CE0A035/t51.2885-15/e35/26222783_305174116671851_5968284862304485376_n.jpg?_nc_ht=instagram.fmuc2-1.fna.fbcdn.net&se=7&ig_cache_key=MTY5NjYwNzk1NjIxODYyNzY0Nw%3D%3D.2
2019-02-01 00:09:07,498 - instagram_scraper.app - WARNING - No Content-Length in response, the file 23507124_144643612843157_4461893072564781056_n.jpg may be partially downloaded
2019-02-01 00:09:07,560 - instagram_scraper.app - WARNING - No Content-Length in response, the file 26222783_305174116671851_5968284862304485376_n.jpg may be partially downloaded
2019-02-01 00:09:07,875 - instagram_scraper.app - WARNING - No Content-Length in response, the file 23498021_163569244381085_1902108902204375040_n.jpg may be partially downloaded
2019-02-01 00:09:08,017 - instagram_scraper.app - WARNING - No Content-Length in response, the file 23668354_265671640623900_7400730694030196736_n.jpg may be partially downloaded
2019-02-01 00:09:08,200 - instagram_scraper.app - WARNING - No Content-Length in response, the file 23421873_1168275306605307_2977067864101486592_n.jpg may be partially downloaded
2019-02-01 00:09:08,350 - instagram_scraper.app - WARNING - No Content-Length in response, the file 23421655_535538953505053_2120368712006500352_n.jpg may be partially downloaded
2019-02-01 00:09:08,395 - instagram_scraper.app - WARNING - No Content-Length in response, the file 23416785_2021253858111216_6003418759937654784_n.jpg may be partially downloaded
2019-02-01 00:09:09,166 - instagram_scraper.app - WARNING - No Content-Length in response, the file 22860476_144373789531068_1199158442455990272_n.jpg may be partially downloaded
2019-02-01 00:09:09,222 - instagram_scraper.app - WARNING - No Content-Length in response, the file 23421729_148175232598534_3473933784259231744_n.jpg may be partially downloaded
2019-02-01 00:09:09,271 - instagram_scraper.app - WARNING - No Content-Length in response, the file 22857737_124534738233992_1523288706478243840_n.jpg may be partially downloaded
2019-02-01 00:09:09,368 - instagram_scraper.app - WARNING - No Content-Length in response, the file 23101583_139411913374003_2359833960759951360_n.jpg may be partially downloaded
2019-02-01 00:09:09,433 - instagram_scraper.app - WARNING - No Content-Length in response, the file 23161015_1970649356486777_5343931530978787328_n.jpg may be partially downloaded
2019-02-01 00:09:09,767 - instagram_scraper.app - WARNING - No Content-Length in response, the file 22710188_1656638774411552_8871963086915895296_n.jpg may be partially downloaded
2019-02-01 00:09:10,078 - instagram_scraper.app - WARNING - No Content-Length in response, the file 22639440_266275687228573_4391329379821551616_n.jpg may be partially downloaded
2019-02-01 00:09:10,268 - instagram_scraper.app - WARNING - No Content-Length in response, the file 22639143_815469101963861_3065359502510391296_n.jpg may be partially downloaded
2019-02-01 00:09:10,383 - instagram_scraper.app - WARNING - No Content-Length in response, the file 23595889_187726725125010_4535406651926118400_n.jpg may be partially downloaded
2019-02-01 00:09:10,430 - instagram_scraper.app - WARNING - No Content-Length in response, the file 22500065_521486961553015_8140317168978886656_n.jpg may be partially downloaded
2019-02-01 00:09:10,714 - instagram_scraper.app - WARNING - No Content-Length in response, the file 22352524_1095050577296279_4985725395862028288_n.jpg may be partially downloaded
2019-02-01 00:09:10,978 - instagram_scraper.app - WARNING - No Content-Length in response, the file 22344361_156440248281588_7143207409899536384_n.jpg may be partially downloaded
2019-02-01 00:09:11,042 - instagram_scraper.app - WARNING - No Content-Length in response, the file 22221049_1561546817243214_2360207829073133568_n.jpg may be partially downloaded
2019-02-01 00:09:11,460 - instagram_scraper.app - WARNING - No Content-Length in response, the file 22280457_110618936359656_7681194038438920192_n.jpg may be partially downloaded
2019-02-01 00:09:11,493 - instagram_scraper.app - WARNING - No Content-Length in response, the file 22158808_1963172813970727_5280727483740585984_n.jpg may be partially downloaded
2019-02-01 00:09:11,731 - instagram_scraper.app - WARNING - No Content-Length in response, the file 21980452_686500868216158_762760391901052928_n.jpg may be partially downloaded
2019-02-01 00:09:12,231 - instagram_scraper.app - WARNING - No Content-Length in response, the file 21910039_775224789330803_6333057005984415744_n.jpg may be partially downloaded
2019-02-01 00:09:12,472 - instagram_scraper.app - WARNING - No Content-Length in response, the file 22861053_1979372785618287_8689161010986090496_n.jpg may be partially downloaded
2019-02-01 00:09:13,181 - instagram_scraper.app - WARNING - No Content-Length in response, the file 21827000_1465897740168553_5176239918795456512_n.jpg may be partially downloaded
2019-02-01 00:09:14,896 - instagram_scraper.app - WARNING - No Content-Length in response, the file 21295028_1946937048862632_4189301187733880832_n.jpg may be partially downloaded
2019-02-01 00:09:16,235 - instagram_scraper.app - WARNING - No Content-Length in response, the file 23164441_1150716695058858_3120759645711368192_n.jpg may be partially downloaded
2019-02-01 00:09:17,214 - instagram_scraper.app - WARNING - Continue after exception ChunkedEncodingError(ProtocolError('Connection broken: OSError("(104, \'ECONNRESET\')",)', OSError("(104, 'ECONNRESET')",)),) on https://instagram.fmuc2-1.fna.fbcdn.net/vp/b7bd55ef0f846f69d53dcf3c16e6aa40/5CDDCE04/t51.2885-15/e35/21985455_118064838875564_6112007490369486848_n.jpg?_nc_ht=instagram.fmuc2-1.fna.fbcdn.net&ig_cache_key=MTYxNDg0ODM4NDM4NzI1MDYyMw%3D%3D.2
2019-02-01 00:09:17,725 - instagram_scraper.app - WARNING - No Content-Length in response, the file 20986642_149505918965207_5039793248797720576_n.jpg may be partially downloaded
2019-02-01 00:09:18,415 - instagram_scraper.app - WARNING - No Content-Length in response, the file 23101343_184776348748135_3698254591779930112_n.jpg may be partially downloaded
2019-02-01 00:09:19,558 - instagram_scraper.app - WARNING - No Content-Length in response, the file 21107840_352399008506485_859114981004673024_n.jpg may be partially downloaded
2019-02-01 00:09:20,231 - instagram_scraper.app - WARNING - No Content-Length in response, the file 22861003_183268505583258_5537804507884290048_n.jpg may be partially downloaded
2019-02-01 00:09:21,423 - instagram_scraper.app - WARNING - No Content-Length in response, the file 20905787_876535462523004_5321077065103966208_n.jpg may be partially downloaded
2019-02-01 00:09:22,308 - instagram_scraper.app - WARNING - No Content-Length in response, the file 20902775_110045736373491_4593462334751506432_n.jpg may be partially downloaded
2019-02-01 00:09:24,038 - instagram_scraper.app - WARNING - No Content-Length in response, the file 20838573_1269586899836003_1471788947632816128_n.jpg may be partially downloaded
2019-02-01 00:09:25,067 - instagram_scraper.app - WARNING - No Content-Length in response, the file 23099375_916287701862766_8583798505368190976_n.jpg may be partially downloaded
2019-02-01 00:09:25,647 - instagram_scraper.app - WARNING - No Content-Length in response, the file 20838365_109718919739524_5341325860219650048_n.jpg may be partially downloaded
2019-02-01 00:09:28,254 - instagram_scraper.app - WARNING - No Content-Length in response, the file 20759748_728859547297208_9163111708661645312_n.jpg may be partially downloaded
2019-02-01 00:09:28,853 - instagram_scraper.app - WARNING - No Content-Length in response, the file 21909367_146064805998322_5583917664775962624_n.jpg may be partially downloaded
2019-02-01 00:09:29,108 - instagram_scraper.app - WARNING - Continue after exception ChunkedEncodingError(ProtocolError('Connection broken: OSError("(104, \'ECONNRESET\')",)', OSError("(104, 'ECONNRESET')",)),) on https://instagram.fmuc2-1.fna.fbcdn.net/vp/7bfdc7305106bfbbc406275bb185e732/5D01412E/t51.2885-15/e35/20635371_163957694165553_3048091028151074816_n.jpg?_nc_ht=instagram.fmuc2-1.fna.fbcdn.net&ig_cache_key=MTU3ODA3OTYzMDM3MDM1ODYxMA%3D%3D.2
2019-02-01 00:09:29,695 - instagram_scraper.app - WARNING - No Content-Length in response, the file 20766390_715291192002087_7871767518388420608_n.jpg may be partially downloaded
2019-02-01 00:09:30,394 - instagram_scraper.app - WARNING - No Content-Length in response, the file 20838662_169361823609928_1536279140007673856_n.jpg may be partially downloaded
2019-02-01 00:09:30,792 - instagram_scraper.app - WARNING - No Content-Length in response, the file 20633498_768682889969907_6556619528439070720_n.jpg may be partially downloaded
2019-02-01 00:09:30,880 - instagram_scraper.app - WARNING - No Content-Length in response, the file 20582856_323407874774100_8569478895424765952_n.jpg may be partially downloaded
2019-02-01 00:09:31,533 - instagram_scraper.app - WARNING - No Content-Length in response, the file 20688481_1943751385913577_871955073498873856_n.jpg may be partially downloaded
2019-02-01 00:09:31,754 - instagram_scraper.app - WARNING - No Content-Length in response, the file 20482161_138353863426172_977761395267338240_n.jpg may be partially downloaded
2019-02-01 00:09:31,813 - instagram_scraper.app - WARNING - No Content-Length in response, the file 20837591_1355195157912950_5515938807905517568_n.jpg may be partially downloaded
2019-02-01 00:09:34,245 - instagram_scraper.app - WARNING - No Content-Length in response, the file 20478488_686973024844976_5705346603666112512_n.jpg may be partially downloaded
2019-02-01 00:09:34,396 - instagram_scraper.app - WARNING - No Content-Length in response, the file 20482635_1517413591652347_3501172368066215936_n.jpg may be partially downloaded
2019-02-01 00:09:35,794 - instagram_scraper.app - WARNING - No Content-Length in response, the file 20398946_127919927824137_3936389839485665280_n.jpg may be partially downloaded
2019-02-01 00:09:36,273 - instagram_scraper.app - WARNING - No Content-Length in response, the file 20180650_798462006995103_2640627476484587520_n.jpg may be partially downloaded
2019-02-01 00:09:37,178 - instagram_scraper.app - WARNING - No Content-Length in response, the file 20065470_105507416781960_9194417257130754048_n.jpg may be partially downloaded
2019-02-01 00:09:37,376 - instagram_scraper.app - WARNING - No Content-Length in response, the file 20065844_309111302882632_6708052043707187200_n.jpg may be partially downloaded
2019-02-01 00:09:38,594 - instagram_scraper.app - WARNING - No Content-Length in response, the file 20067440_1394806000602517_6327931456437878784_n.jpg may be partially downloaded
2019-02-01 00:09:38,863 - instagram_scraper.app - WARNING - No Content-Length in response, the file 19955243_1004848419617639_1723013164007686144_n.jpg may be partially downloaded
2019-02-01 00:09:39,052 - instagram_scraper.app - WARNING - No Content-Length in response, the file 19624373_144865169422298_4660998616716935168_n.jpg may be partially downloaded
2019-02-01 00:09:39,474 - instagram_scraper.app - WARNING - No Content-Length in response, the file 19429110_480795895594897_5157333318139641856_n.jpg may be partially downloaded
2019-02-01 00:09:40,100 - instagram_scraper.app - WARNING - No Content-Length in response, the file 20066202_1172600686180057_3353626342934446080_n.jpg may be partially downloaded
2019-02-01 00:09:40,433 - instagram_scraper.app - WARNING - No Content-Length in response, the file 19052228_1353630501357501_1499069617824333824_n.jpg may be partially downloaded
2019-02-01 00:09:40,964 - instagram_scraper.app - WARNING - No Content-Length in response, the file 18888935_311284075964261_2158770624485392384_n.jpg may be partially downloaded
2019-02-01 00:09:41,240 - instagram_scraper.app - WARNING - No Content-Length in response, the file 18879514_435539623482862_7451027784723333120_n.jpg may be partially downloaded
2019-02-01 00:09:42,228 - instagram_scraper.app - WARNING - No Content-Length in response, the file 18723714_107898746425004_7378101198542340096_n.jpg may be partially downloaded
2019-02-01 00:09:42,394 - instagram_scraper.app - WARNING - No Content-Length in response, the file 20066735_1906862286221337_3579191651588898816_n.jpg may be partially downloaded
2019-02-01 00:09:42,984 - instagram_scraper.app - WARNING - No Content-Length in response, the file 18644843_224533228047380_2138001489786830848_n.jpg may be partially downloaded
2019-02-01 00:09:44,318 - instagram_scraper.app - WARNING - No Content-Length in response, the file 20065939_1415720608504944_8177598412821102592_n.jpg may be partially downloaded
2019-02-01 00:09:44,605 - instagram_scraper.app - WARNING - No Content-Length in response, the file 18252102_1350795175012763_5437049561577160704_n.jpg may be partially downloaded
2019-02-01 00:09:46,104 - instagram_scraper.app - WARNING - No Content-Length in response, the file 17596165_1363706437032300_154123810495266816_n.jpg may be partially downloaded
2019-02-01 00:09:46,355 - instagram_scraper.app - WARNING - No Content-Length in response, the file 17437547_918296524978515_5553814977732673536_n.jpg may be partially downloaded
2019-02-01 00:09:46,813 - instagram_scraper.app - WARNING - No Content-Length in response, the file 20065358_2345851212305994_9033410314867048448_n.jpg may be partially downloaded
2019-02-01 00:09:48,284 - instagram_scraper.app - WARNING - No Content-Length in response, the file 17265680_1874972502775511_3082926030420180992_n.jpg may be partially downloaded
2019-02-01 00:09:48,779 - instagram_scraper.app - WARNING - No Content-Length in response, the file 17268270_1186458891451584_1662876754210979840_n.jpg may be partially downloaded
2019-02-01 00:09:49,486 - instagram_scraper.app - WARNING - No Content-Length in response, the file 16906881_378227035891409_918516440292655104_n.jpg may be partially downloaded
2019-02-01 00:09:50,252 - instagram_scraper.app - WARNING - No Content-Length in response, the file 16790202_1288070894608151_1014917904669343744_n.jpg may be partially downloaded
2019-02-01 00:09:50,348 - instagram_scraper.app - WARNING - No Content-Length in response, the file 17077098_667674243404208_7719116284675227648_n.jpg may be partially downloaded
2019-02-01 00:09:50,959 - instagram_scraper.app - WARNING - No Content-Length in response, the file 20181401_327257477726939_6301770948076896256_n.jpg may be partially downloaded
2019-02-01 00:09:51,515 - instagram_scraper.app - WARNING - No Content-Length in response, the file 16789721_1323342977731013_1624067717487132672_n.jpg may be partially downloaded
2019-02-01 00:09:51,516 - instagram_scraper.app - WARNING - No Content-Length in response, the file 16790387_276544126113065_4863735409688969216_n.jpg may be partially downloaded
2019-02-01 00:09:52,147 - instagram_scraper.app - WARNING - No Content-Length in response, the file 16583745_1751599455093488_4847134158499086336_n.jpg may be partially downloaded
2019-02-01 00:09:52,388 - instagram_scraper.app - WARNING - No Content-Length in response, the file 16583508_1339808612724257_3672075791153233920_n.jpg may be partially downloaded
2019-02-01 00:09:52,485 - instagram_scraper.app - WARNING - No Content-Length in response, the file 16585515_398115157200674_3354111257627066368_n.jpg may be partially downloaded
2019-02-01 00:09:52,966 - instagram_scraper.app - WARNING - No Content-Length in response, the file 16464977_261365920953681_7555621671583875072_n.jpg may be partially downloaded
2019-02-01 00:09:53,022 - instagram_scraper.app - WARNING - Continue after exception ChunkedEncodingError(ProtocolError('Connection broken: OSError("(104, \'ECONNRESET\')",)', OSError("(104, 'ECONNRESET')",)),) on https://instagram.fmuc2-1.fna.fbcdn.net/vp/e8c062fafaea623dce70bd4d727a12fc/5CFB3CA2/t51.2885-15/e35/16464977_261365920953681_7555621671583875072_n.jpg?_nc_ht=instagram.fmuc2-1.fna.fbcdn.net&se=7&ig_cache_key=MTQ0NTE5MjA3MDY2MjE4MTk1MA%3D%3D.2
2019-02-01 00:09:53,199 - instagram_scraper.app - WARNING - No Content-Length in response, the file 16464977_261365920953681_7555621671583875072_n.jpg may be partially downloaded
2019-02-01 00:09:53,296 - instagram_scraper.app - WARNING - No Content-Length in response, the file 16230580_1825631161038820_4509390514595823616_n.jpg may be partially downloaded
2019-02-01 00:09:53,530 - instagram_scraper.app - WARNING - Continue after exception ChunkedEncodingError(ProtocolError('Connection broken: OSError("(104, \'ECONNRESET\')",)', OSError("(104, 'ECONNRESET')",)),) on https://instagram.fmuc2-1.fna.fbcdn.net/vp/dbef042889a516d2b0e8a12427b96bfd/5CE99DBC/t51.2885-15/e35/16230580_1825631161038820_4509390514595823616_n.jpg?_nc_ht=instagram.fmuc2-1.fna.fbcdn.net&se=7&ig_cache_key=MTQ0MDAxOTgyODE4NTU1OTI5OQ%3D%3D.2
2019-02-01 00:09:53,687 - instagram_scraper.app - WARNING - No Content-Length in response, the file 16230580_1825631161038820_4509390514595823616_n.jpg may be partially downloaded
2019-02-01 00:09:53,928 - instagram_scraper.app - WARNING - No Content-Length in response, the file 16111038_961893107275026_6890070047587303424_n.jpg may be partially downloaded
2019-02-01 00:09:53,938 - instagram_scraper.app - WARNING - No Content-Length in response, the file 16122503_430395447292339_867563787266293760_n.jpg may be partially downloaded
2019-02-01 00:09:54,139 - instagram_scraper.app - WARNING - No Content-Length in response, the file 16229469_710004779173187_1319288149444132864_n.jpg may be partially downloaded
2019-02-01 00:09:54,227 - instagram_scraper.app - WARNING - Continue after exception ChunkedEncodingError(ProtocolError('Connection broken: OSError("(104, \'ECONNRESET\')",)', OSError("(104, 'ECONNRESET')",)),) on https://instagram.fmuc2-1.fna.fbcdn.net/vp/097b45b8e460ee3fe6cc0a1f48ee4544/5CFF078D/t51.2885-15/e35/16229469_710004779173187_1319288149444132864_n.jpg?_nc_ht=instagram.fmuc2-1.fna.fbcdn.net&se=7&ig_cache_key=MTQzODU5MDEyODM4MDc3ODk3NA%3D%3D.2
2019-02-01 00:09:54,330 - instagram_scraper.app - WARNING - No Content-Length in response, the file 14590948_311245945938644_4154419237177262080_n.jpg may be partially downloaded
2019-02-01 00:09:54,385 - instagram_scraper.app - WARNING - No Content-Length in response, the file 16229469_710004779173187_1319288149444132864_n.jpg may be partially downloaded
2019-02-01 00:09:54,653 - instagram_scraper.app - WARNING - No Content-Length in response, the file 16230545_1208602099175316_8964816775162101760_n.jpg may be partially downloaded
2019-02-01 00:09:55,049 - instagram_scraper.app - WARNING - No Content-Length in response, the file 16230514_122489251594143_1118565704723857408_n.jpg may be partially downloaded
2019-02-01 00:09:55,682 - instagram_scraper.app - WARNING - No Content-Length in response, the file 15876354_1159740034121788_7921777894244745216_n.jpg may be partially downloaded
2019-02-01 00:09:55,750 - instagram_scraper.app - WARNING - No Content-Length in response, the file 14561841_598078063719682_3550544224019546112_n.jpg may be partially downloaded
2019-02-01 00:09:56,262 - instagram_scraper.app - WARNING - No Content-Length in response, the file 15803818_713976558768081_2333783588245340160_n.jpg may be partially downloaded
2019-02-01 00:09:56,398 - instagram_scraper.app - WARNING - No Content-Length in response, the file 15623724_221548018290189_8842157873602494464_n.jpg may be partially downloaded
2019-02-01 00:09:56,985 - instagram_scraper.app - WARNING - No Content-Length in response, the file 15625013_350556265316650_105737610881662976_n.jpg may be partially downloaded
2019-02-01 00:09:57,387 - instagram_scraper.app - WARNING - No Content-Length in response, the file 15276584_1830360630550639_1262220656989175808_n.jpg may be partially downloaded
2019-02-01 00:09:57,811 - instagram_scraper.app - WARNING - No Content-Length in response, the file 14592069_232314890526258_6390349254077972480_n.jpg may be partially downloaded
2019-02-01 00:09:58,028 - instagram_scraper.app - WARNING - No Content-Length in response, the file 14474423_481891951981219_3371105833331982336_n.jpg may be partially downloaded
2019-02-01 00:09:58,202 - instagram_scraper.app - WARNING - No Content-Length in response, the file 15337294_1016467205165891_1127427192918114304_n.jpg may be partially downloaded
2019-02-01 00:09:58,787 - instagram_scraper.app - WARNING - No Content-Length in response, the file 15099430_1587395431568459_3525593711025061888_n.jpg may be partially downloaded
2019-02-01 00:09:59,153 - instagram_scraper.app - WARNING - No Content-Length in response, the file 15101733_1776591999262157_6562480904667660288_n.jpg may be partially downloaded
2019-02-01 00:10:01,094 - instagram_scraper.app - WARNING - No Content-Length in response, the file 14591956_1654907194801296_3366228824952930304_n.jpg may be partially downloaded
2019-02-01 00:10:01,704 - instagram_scraper.app - WARNING - No Content-Length in response, the file 14533523_711606842349233_257516502377299968_n.jpg may be partially downloaded
2019-02-01 00:10:02,328 - instagram_scraper.app - WARNING - No Content-Length in response, the file 14592008_1091415614267814_4377689710445723648_n.jpg may be partially downloaded
2019-02-01 00:10:02,981 - instagram_scraper.app - WARNING - No Content-Length in response, the file 14499024_1587080304931765_6480870040643043328_n.jpg may be partially downloaded
2019-02-01 00:10:03,430 - instagram_scraper.app - WARNING - No Content-Length in response, the file 14478334_557818277746130_8577095040671678464_n.jpg may be partially downloaded
2019-02-01 00:10:03,531 - instagram_scraper.app - WARNING - No Content-Length in response, the file 14624356_1132425383514891_9046239025697914880_n.jpg may be partially downloaded
2019-02-01 00:10:03,591 - instagram_scraper.app - WARNING - No Content-Length in response, the file 14574113_781518798618364_5346805877712093184_n.jpg may be partially downloaded
2019-02-01 00:10:03,956 - instagram_scraper.app - WARNING - No Content-Length in response, the file 14515633_337163646616830_8214740581327306752_n.jpg may be partially downloaded
2019-02-01 00:10:04,187 - instagram_scraper.app - WARNING - No Content-Length in response, the file 14504688_1059079224190795_5290715567626387456_n.jpg may be partially downloaded
2019-02-01 00:10:04,556 - instagram_scraper.app - WARNING - No Content-Length in response, the file 14350614_902493389856107_745040480_n.jpg may be partially downloaded
2019-02-01 00:10:04,635 - instagram_scraper.app - WARNING - No Content-Length in response, the file 14359454_1322310571137174_5367394147042852864_n.jpg may be partially downloaded
2019-02-01 00:10:04,690 - instagram_scraper.app - WARNING - No Content-Length in response, the file 14482765_189173804844057_6593961949795450880_n.jpg may be partially downloaded
2019-02-01 00:10:05,111 - instagram_scraper.app - WARNING - No Content-Length in response, the file 14334470_1507114412637623_511483085_n.jpg may be partially downloaded
2019-02-01 00:10:05,784 - instagram_scraper.app - WARNING - No Content-Length in response, the file 14063384_1102523336490855_690518914_n.jpg may be partially downloaded
2019-02-01 00:10:06,357 - instagram_scraper.app - WARNING - No Content-Length in response, the file 14052410_1224049474293181_1891420581_n.jpg may be partially downloaded
2019-02-01 00:10:06,367 - instagram_scraper.app - WARNING - No Content-Length in response, the file 14027150_1734706673446500_647345591_n.jpg may be partially downloaded
2019-02-01 00:10:06,868 - instagram_scraper.app - WARNING - No Content-Length in response, the file 13686936_1770533199903136_884196652_n.jpg may be partially downloaded
2019-02-01 00:10:07,702 - instagram_scraper.app - WARNING - No Content-Length in response, the file 13671794_320237564985407_1073244464_n.jpg may be partially downloaded
2019-02-01 00:10:07,917 - instagram_scraper.app - WARNING - No Content-Length in response, the file 13745207_568856389988740_1313216899_n.jpg may be partially downloaded
2019-02-01 00:10:08,222 - instagram_scraper.app - WARNING - No Content-Length in response, the file 13704283_603273296521746_1255168272_n.jpg may be partially downloaded
2019-02-01 00:10:08,416 - instagram_scraper.app - WARNING - No Content-Length in response, the file 13707270_1637874083196118_1274721268_n.jpg may be partially downloaded
2019-02-01 00:10:10,274 - instagram_scraper.app - WARNING - No Content-Length in response, the file 13532108_1728253637458123_17972178_n.jpg may be partially downloaded
2019-02-01 00:10:10,596 - instagram_scraper.app - WARNING - No Content-Length in response, the file 13380895_1715703478695836_952819377_n.jpg may be partially downloaded
2019-02-01 00:10:11,510 - instagram_scraper.app - WARNING - No Content-Length in response, the file 13388644_618149085009630_1038896430_n.jpg may be partially downloaded
2019-02-01 00:10:11,675 - instagram_scraper.app - WARNING - No Content-Length in response, the file 13261043_1122253397816263_1832317_n.jpg may be partially downloaded
2019-02-01 00:10:13,247 - instagram_scraper.app - WARNING - No Content-Length in response, the file 12965022_484434355093658_1070740769_n.jpg may be partially downloaded
2019-02-01 00:10:13,389 - instagram_scraper.app - WARNING - Continue after exception ChunkedEncodingError(ProtocolError('Connection broken: OSError("(104, \'ECONNRESET\')",)', OSError("(104, 'ECONNRESET')",)),) on https://instagram.fmuc2-1.fna.fbcdn.net/vp/64dd76c1378df89503a5aaa29c887fc8/5CF70FF3/t51.2885-15/e35/12965022_484434355093658_1070740769_n.jpg?_nc_ht=instagram.fmuc2-1.fna.fbcdn.net&se=7&ig_cache_key=MTIzNTcyMTc1MTg5NzU3ODI4Mg%3D%3D.2
2019-02-01 00:10:13,575 - instagram_scraper.app - WARNING - No Content-Length in response, the file 12965022_484434355093658_1070740769_n.jpg may be partially downloaded
2019-02-01 00:10:13,822 - instagram_scraper.app - WARNING - No Content-Length in response, the file 12960001_598320046998258_2028598595_n.jpg may be partially downloaded
2019-02-01 00:10:14,347 - instagram_scraper.app - WARNING - No Content-Length in response, the file 12918519_688690864603776_2011569777_n.jpg may be partially downloaded
2019-02-01 00:10:14,477 - instagram_scraper.app - WARNING - No Content-Length in response, the file 12918644_508756602664657_505667940_n.jpg may be partially downloaded
2019-02-01 00:10:15,551 - instagram_scraper.app - WARNING - No Content-Length in response, the file 12356430_517406011778750_1895898824_n.jpg may be partially downloaded
2019-02-01 00:10:16,123 - instagram_scraper.app - WARNING - No Content-Length in response, the file 12822490_1591218571202769_483154381_n.jpg may be partially downloaded
2019-02-01 00:10:16,649 - instagram_scraper.app - WARNING - No Content-Length in response, the file 12424672_1120445371300143_2046202786_n.jpg may be partially downloaded
2019-02-01 00:10:17,118 - instagram_scraper.app - WARNING - No Content-Length in response, the file 12797818_972653809487594_412296740_n.jpg may be partially downloaded
2019-02-01 00:10:21,716 - instagram_scraper.app - WARNING - No Content-Length in response, the file 12519301_1002128993187304_1133260360_n.jpg may be partially downloaded
2019-02-01 00:10:22,510 - instagram_scraper.app - WARNING - No Content-Length in response, the file 12502016_961859977234535_38457824_n.jpg may be partially downloaded
2019-02-01 00:10:22,737 - instagram_scraper.app - WARNING - No Content-Length in response, the file 12545512_1533364073627823_1459731755_n.jpg may be partially downloaded
2019-02-01 00:10:23,056 - instagram_scraper.app - WARNING - No Content-Length in response, the file 12547469_434635896726623_398201936_n.jpg may be partially downloaded
2019-02-01 00:10:26,978 - instagram_scraper.app - WARNING - No Content-Length in response, the file 12237450_1639831602971366_362610578_n.jpg may be partially downloaded
2019-02-01 00:10:30,891 - instagram_scraper.app - WARNING - Retry after exception ChunkedEncodingError(ProtocolError('Connection broken: OSError("(104, \'ECONNRESET\')",)', OSError("(104, 'ECONNRESET')",)),) on https://instagram.fmuc2-1.fna.fbcdn.net/vp/b55b13f006756dd7fe5b12e778369b33/5CE39AF7/t51.2885-15/e35/11909208_1145334208828340_2081444539_n.jpg?_nc_ht=instagram.fmuc2-1.fna.fbcdn.net&ig_cache_key=MTExMDIxNDg5OTI0MDU0MDI0Mg%3D%3D.2
2019-02-01 00:10:33,942 - instagram_scraper.app - WARNING - Retry after exception ChunkedEncodingError(ProtocolError('Connection broken: OSError("(104, \'ECONNRESET\')",)', OSError("(104, 'ECONNRESET')",)),) on https://instagram.fmuc2-1.fna.fbcdn.net/vp/17e009e779b0cf0028bffc00c4a154b8/5CF2A724/t51.2885-15/e35/12139747_428802593980380_1079559834_n.jpg?_nc_ht=instagram.fmuc2-1.fna.fbcdn.net&ig_cache_key=MTEwNjEyNzg0NTg2NzEzMzQ2OA%3D%3D.2
2019-02-01 00:10:39,886 - instagram_scraper.app - WARNING - No Content-Length in response, the file 12142654_154854411533344_581088925_n.jpg may be partially downloaded
2019-02-01 00:11:03,514 - instagram_scraper.app - WARNING - Continue after exception ConnectionError(ReadTimeoutError("HTTPSConnectionPool(host='instagram.fmuc2-1.fna.fbcdn.net', port=443): Read timed out.",),) on https://instagram.fmuc2-1.fna.fbcdn.net/vp/2bbcf3661ae5432031ea6ac2ae077beb/5CE0CBBA/t51.2885-15/e35/20688481_1943751385913577_871955073498873856_n.jpg?_nc_ht=instagram.fmuc2-1.fna.fbcdn.net&se=7&ig_cache_key=MTU3NzAxMzI0MTA1MjIwNjAyNA%3D%3D.2
2019-02-01 00:11:03,779 - instagram_scraper.app - WARNING - No Content-Length in response, the file 20688481_1943751385913577_871955073498873856_n.jpg may be partially downloaded
2019-02-01 00:11:24,249 - instagram_scraper.app - WARNING - Continue after exception ConnectionError(ReadTimeoutError("HTTPSConnectionPool(host='instagram.fmuc2-1.fna.fbcdn.net', port=443): Read timed out.",),) on https://instagram.fmuc2-1.fna.fbcdn.net/vp/4825161ad9d629d2fa8c217f27f4713e/5CDCEA47/t51.2885-15/e35/16122503_430395447292339_867563787266293760_n.jpg?_nc_ht=instagram.fmuc2-1.fna.fbcdn.net&se=7&ig_cache_key=MTQzODc4OTM5NzkzNTA2MzE2NQ%3D%3D.2
2019-02-01 00:11:24,413 - instagram_scraper.app - WARNING - No Content-Length in response, the file 16122503_430395447292339_867563787266293760_n.jpg may be partially downloaded
2019-02-01 00:11:46,882 - instagram_scraper.app - WARNING - Continue after exception ConnectionError(ReadTimeoutError("HTTPSConnectionPool(host='instagram.fmuc2-1.fna.fbcdn.net', port=443): Read timed out.",),) on https://instagram.fmuc2-1.fna.fbcdn.net/vp/9a7228864604200afe21f6c414b96065/5CDF79F0/t51.2885-15/e35/12424672_1120445371300143_2046202786_n.jpg?_nc_ht=instagram.fmuc2-1.fna.fbcdn.net&se=8&ig_cache_key=MTIwMTA4OTgyMDIwMzY4NjYxNg%3D%3D.2
2019-02-01 00:11:47,059 - instagram_scraper.app - WARNING - No Content-Length in response, the file 12424672_1120445371300143_2046202786_n.jpg may be partially downloaded
